CRITICAL - 2021-01-12 17:48:04 --> Undefined variable: title
#0 D:\xampp\htdocs\2021\codeigniter\ci4-crud-ajax\app\Views\siswa\index.php(16): CodeIgniter\Debug\Exceptions->errorHandler(8, 'Undefined varia...', 'D:\\xampp\\htdocs...', 16, Array)
#1 D:\xampp\htdocs\2021\codeigniter\ci4-crud-ajax\vendor\codeigniter4\framework\system\View\View.php(246): include('D:\\xampp\\htdocs...')
#2 D:\xampp\htdocs\2021\codeigniter\ci4-crud-ajax\vendor\codeigniter4\framework\system\Common.php(1119): CodeIgniter\View\View->render('siswa/index', Array, true)
#3 D:\xampp\htdocs\2021\codeigniter\ci4-crud-ajax\app\Controllers\C_siswa.php(15): view('siswa/index')
#4 D:\xampp\htdocs\2021\codeigniter\ci4-crud-ajax\vendor\codeigniter4\framework\system\CodeIgniter.php(918): App\Controllers\C_siswa->index()
#5 D:\xampp\htdocs\2021\codeigniter\ci4-crud-ajax\vendor\codeigniter4\framework\system\CodeIgniter.php(404): CodeIgniter\CodeIgniter->runController(Object(App\Controllers\C_siswa))
#6 D:\xampp\htdocs\2021\codeigniter\ci4-crud-ajax\vendor\codeigniter4\framework\system\CodeIgniter.php(312): CodeIgniter\CodeIgniter->handleRequest(NULL, Object(Config\Cache), false)
#7 D:\xampp\htdocs\2021\codeigniter\ci4-crud-ajax\public\index.php(45): CodeIgniter\CodeIgniter->run()
#8 D:\xampp\htdocs\2021\codeigniter\ci4-crud-ajax\vendor\codeigniter4\framework\system\Commands\Server\rewrite.php(34): require_once('D:\\xampp\\htdocs...')
#9 {main}
CRITICAL - 2021-01-12 18:24:13 --> Array to string conversion
#0 D:\xampp\htdocs\2021\codeigniter\ci4-crud-ajax\app\Views\siswa\addmodal.php(11): CodeIgniter\Debug\Exceptions->errorHandler(8, 'Array to string...', 'D:\\xampp\\htdocs...', 11, Array)
#1 D:\xampp\htdocs\2021\codeigniter\ci4-crud-ajax\vendor\codeigniter4\framework\system\View\View.php(246): include('D:\\xampp\\htdocs...')
#2 D:\xampp\htdocs\2021\codeigniter\ci4-crud-ajax\vendor\codeigniter4\framework\system\Common.php(1119): CodeIgniter\View\View->render('siswa/addmodal', Array, true)
#3 D:\xampp\htdocs\2021\codeigniter\ci4-crud-ajax\app\Controllers\C_siswa.php(44): view('siswa/addmodal')
#4 D:\xampp\htdocs\2021\codeigniter\ci4-crud-ajax\vendor\codeigniter4\framework\system\CodeIgniter.php(918): App\Controllers\C_siswa->addData()
#5 D:\xampp\htdocs\2021\codeigniter\ci4-crud-ajax\vendor\codeigniter4\framework\system\CodeIgniter.php(404): CodeIgniter\CodeIgniter->runController(Object(App\Controllers\C_siswa))
#6 D:\xampp\htdocs\2021\codeigniter\ci4-crud-ajax\vendor\codeigniter4\framework\system\CodeIgniter.php(312): CodeIgniter\CodeIgniter->handleRequest(NULL, Object(Config\Cache), false)
#7 D:\xampp\htdocs\2021\codeigniter\ci4-crud-ajax\public\index.php(45): CodeIgniter\CodeIgniter->run()
#8 D:\xampp\htdocs\2021\codeigniter\ci4-crud-ajax\vendor\codeigniter4\framework\system\Commands\Server\rewrite.php(34): require_once('D:\\xampp\\htdocs...')
#9 {main}
CRITICAL - 2021-01-12 18:24:46 --> Array to string conversion
#0 D:\xampp\htdocs\2021\codeigniter\ci4-crud-ajax\app\Views\siswa\addmodal.php(11): CodeIgniter\Debug\Exceptions->errorHandler(8, 'Array to string...', 'D:\\xampp\\htdocs...', 11, Array)
#1 D:\xampp\htdocs\2021\codeigniter\ci4-crud-ajax\vendor\codeigniter4\framework\system\View\View.php(246): include('D:\\xampp\\htdocs...')
#2 D:\xampp\htdocs\2021\codeigniter\ci4-crud-ajax\vendor\codeigniter4\framework\system\Common.php(1119): CodeIgniter\View\View->render('siswa/addmodal', Array, true)
#3 D:\xampp\htdocs\2021\codeigniter\ci4-crud-ajax\app\Controllers\C_siswa.php(44): view('siswa/addmodal')
#4 D:\xampp\htdocs\2021\codeigniter\ci4-crud-ajax\vendor\codeigniter4\framework\system\CodeIgniter.php(918): App\Controllers\C_siswa->addData()
#5 D:\xampp\htdocs\2021\codeigniter\ci4-crud-ajax\vendor\codeigniter4\framework\system\CodeIgniter.php(404): CodeIgniter\CodeIgniter->runController(Object(App\Controllers\C_siswa))
#6 D:\xampp\htdocs\2021\codeigniter\ci4-crud-ajax\vendor\codeigniter4\framework\system\CodeIgniter.php(312): CodeIgniter\CodeIgniter->handleRequest(NULL, Object(Config\Cache), false)
#7 D:\xampp\htdocs\2021\codeigniter\ci4-crud-ajax\public\index.php(45): CodeIgniter\CodeIgniter->run()
#8 D:\xampp\htdocs\2021\codeigniter\ci4-crud-ajax\vendor\codeigniter4\framework\system\Commands\Server\rewrite.php(34): require_once('D:\\xampp\\htdocs...')
#9 {main}
CRITICAL - 2021-01-12 18:25:28 --> Array to string conversion
#0 D:\xampp\htdocs\2021\codeigniter\ci4-crud-ajax\app\Views\siswa\addmodal.php(11): CodeIgniter\Debug\Exceptions->errorHandler(8, 'Array to string...', 'D:\\xampp\\htdocs...', 11, Array)
#1 D:\xampp\htdocs\2021\codeigniter\ci4-crud-ajax\vendor\codeigniter4\framework\system\View\View.php(246): include('D:\\xampp\\htdocs...')
#2 D:\xampp\htdocs\2021\codeigniter\ci4-crud-ajax\vendor\codeigniter4\framework\system\Common.php(1119): CodeIgniter\View\View->render('siswa/addmodal', Array, true)
#3 D:\xampp\htdocs\2021\codeigniter\ci4-crud-ajax\app\Controllers\C_siswa.php(44): view('siswa/addmodal')
#4 D:\xampp\htdocs\2021\codeigniter\ci4-crud-ajax\vendor\codeigniter4\framework\system\CodeIgniter.php(918): App\Controllers\C_siswa->addData()
#5 D:\xampp\htdocs\2021\codeigniter\ci4-crud-ajax\vendor\codeigniter4\framework\system\CodeIgniter.php(404): CodeIgniter\CodeIgniter->runController(Object(App\Controllers\C_siswa))
#6 D:\xampp\htdocs\2021\codeigniter\ci4-crud-ajax\vendor\codeigniter4\framework\system\CodeIgniter.php(312): CodeIgniter\CodeIgniter->handleRequest(NULL, Object(Config\Cache), false)
#7 D:\xampp\htdocs\2021\codeigniter\ci4-crud-ajax\public\index.php(45): CodeIgniter\CodeIgniter->run()
#8 D:\xampp\htdocs\2021\codeigniter\ci4-crud-ajax\vendor\codeigniter4\framework\system\Commands\Server\rewrite.php(34): require_once('D:\\xampp\\htdocs...')
#9 {main}
CRITICAL - 2021-01-12 18:26:56 --> Array to string conversion
#0 D:\xampp\htdocs\2021\codeigniter\ci4-crud-ajax\app\Views\siswa\addmodal.php(11): CodeIgniter\Debug\Exceptions->errorHandler(8, 'Array to string...', 'D:\\xampp\\htdocs...', 11, Array)
#1 D:\xampp\htdocs\2021\codeigniter\ci4-crud-ajax\vendor\codeigniter4\framework\system\View\View.php(246): include('D:\\xampp\\htdocs...')
#2 D:\xampp\htdocs\2021\codeigniter\ci4-crud-ajax\vendor\codeigniter4\framework\system\Common.php(1119): CodeIgniter\View\View->render('siswa/addmodal', Array, true)
#3 D:\xampp\htdocs\2021\codeigniter\ci4-crud-ajax\app\Controllers\C_siswa.php(44): view('siswa/addmodal')
#4 D:\xampp\htdocs\2021\codeigniter\ci4-crud-ajax\vendor\codeigniter4\framework\system\CodeIgniter.php(918): App\Controllers\C_siswa->addData()
#5 D:\xampp\htdocs\2021\codeigniter\ci4-crud-ajax\vendor\codeigniter4\framework\system\CodeIgniter.php(404): CodeIgniter\CodeIgniter->runController(Object(App\Controllers\C_siswa))
#6 D:\xampp\htdocs\2021\codeigniter\ci4-crud-ajax\vendor\codeigniter4\framework\system\CodeIgniter.php(312): CodeIgniter\CodeIgniter->handleRequest(NULL, Object(Config\Cache), false)
#7 D:\xampp\htdocs\2021\codeigniter\ci4-crud-ajax\public\index.php(45): CodeIgniter\CodeIgniter->run()
#8 D:\xampp\htdocs\2021\codeigniter\ci4-crud-ajax\vendor\codeigniter4\framework\system\Commands\Server\rewrite.php(34): require_once('D:\\xampp\\htdocs...')
#9 {main}
